<?xml version="1.0" encoding="UTF-8"?>
<testsuite xmlns:xsi="http://www.w3.org/2001/XMLSchema-instance" xsi:noNamespaceSchemaLocation="https://maven.apache.org/surefire/maven-surefire-plugin/xsd/surefire-test-report-3.0.xsd" version="3.0" name="cucumber.Options.TestRunner" time="4.229" tests="3" errors="2" skipped="0" failures="0">
  <properties>
[...]
</properties>
  <testcase name="Verify if place is being Successfully added using AddPlaceAPI #1" classname="Validating place API&apos;s" time="2.23">
    <error message="No enum constant resources.APIResources.&lt;getPlaceAPI&gt;" type="java.lang.IllegalArgumentException"><![CDATA[java.lang.IllegalArgumentException: No enum constant resources.APIResources.<getPlaceAPI>
	at java.base/java.lang.Enum.valueOf(Enum.java:273)
	at resources.APIResources.valueOf(APIResources.java:1)
	at stepDefinations.StepDefination.user_calls_with_http_request(StepDefination.java:47)
	at stepDefinations.StepDefination.verify_place_id_created_maps_to_using_get_place_api(StepDefination.java:75)
	at ✽.verify place_id created maps to "Ravi" using "<getPlaceAPI>"(file:///C:/Users/Ravir/eclipse-workspace/APIFramework/src/test/java/features/placeValidations.feature:9)
]]></error>
    <system-out><![CDATA[/maps/api/place/add/json
]]></system-out>
    <system-err><![CDATA[Jun 03, 2024 6:22:08 PM io.cucumber.core.options.CucumberPropertiesParser lambda$warnWhenCucumberOptionsIsUsed$2
WARNING: Passing commandline options via the property 'cucumber.options' is no longer supported. Please use individual properties instead. See the java doc on io.cucumber.core.options.Constants for details.
]]></system-err>
  </testcase>
  <testcase name="Verify if place is being Successfully added using AddPlaceAPI #2" classname="Validating place API&apos;s" time="0.252">
    <error message="No enum constant resources.APIResources.&lt;getPlaceAPI&gt;" type="java.lang.IllegalArgumentException"><![CDATA[java.lang.IllegalArgumentException: No enum constant resources.APIResources.<getPlaceAPI>
	at java.base/java.lang.Enum.valueOf(Enum.java:273)
	at resources.APIResources.valueOf(APIResources.java:1)
	at stepDefinations.StepDefination.user_calls_with_http_request(StepDefination.java:47)
	at stepDefinations.StepDefination.verify_place_id_created_maps_to_using_get_place_api(StepDefination.java:75)
	at ✽.verify place_id created maps to "Roshan" using "<getPlaceAPI>"(file:///C:/Users/Ravir/eclipse-workspace/APIFramework/src/test/java/features/placeValidations.feature:9)
]]></error>
    <system-out><![CDATA[/maps/api/place/add/json
]]></system-out>
  </testcase>
  <testcase name="Verify if Delete functionality is working" classname="Validating place API&apos;s" time="1.271">
    <system-out><![CDATA[/maps/api/place/delete/json
]]></system-out>
  </testcase>
</testsuite>